Drill report for C:\TFS\github\pcb-project\pcb-project\pcb-project.kicad_pcb
Created on 5/2/2019 5:07:55 PM

Copper Layer Stackup:
    =============================================================
    L1 :  F.Cu                      front
    L2 :  B.Cu                      back


Drill file 'pcb-project-PTH.drl' contains
    plated through holes:
    =============================================================
    T1  0.40mm  0.016"  (41 holes)
    T2  1.10mm  0.043"  (31 holes)
    T3  1.47mm  0.058"  (260 holes)

    Total plated holes count 332


Drill file 'pcb-project-NPTH.drl' contains
    unplated through holes:
    =============================================================
    T1  1.75mm  0.069"  (130 holes)
    T2  3.05mm  0.120"  (6 holes)
    T3  3.99mm  0.157"  (71 holes)

    Total unplated holes count 207
